<?xml version="1.0" encoding="UTF-8" ?>
<testsuite errors="0" failures="1" hostname="DESKTOP-F2H886T" name="ch.actifsource.example.unittest.model.test.AllTests" skipped="0" tests="1" time="0.165" timestamp="2023-12-11T15:08:01">
  <properties>
[...]
</properties>
  <testcase classname="junit.framework.TestSuite$1" name="warning" time="0.004">
    <failure message="Exception in constructor: test_childSizeSelectorFunction (junit.framework.AssertionFailedError: workspace root directory unknown&#xd;&#xa;&#x9;at ch.actifsource.ui.junit.ActifsourceTestEnvironment.createException(ActifsourceTestEnvironment.java:61)&#xd;&#xa;&#x9;at ch.actifsource.platform.AbstractPlatformSystempropertyInitializer.createProjectManager(AbstractPlatformSystempropertyInitializer.java:70)&#xd;&#xa;&#x9;at ch.actifsource.platform.AbstractPlatformInitializer.&lt;init&gt;(AbstractPlatformInitializer.java:97)&#xd;&#xa;&#x9;at ch.actifsource.platform.AbstractPlatformSystempropertyInitializer.&lt;init&gt;(AbstractPlatformSystempropertyInitializer.java:58)&#xd;&#xa;&#x9;at ch.actifsource.ui.junit.ActifsourceTestEnvironment.&lt;init&gt;(ActifsourceTestEnvironment.java:31)&#xd;&#xa;&#x9;at ch.actifsource.ui.junit.SingleScopeTestCase$1.&lt;init&gt;(SingleScopeTestCase.java:78)&#xd;&#xa;&#x9;at ch.actifsource.ui.junit.SingleScopeTestCase.getOrCreateActifsourceTestEnvironment(SingleScopeTestCase.java:78)&#xd;&#xa;&#x9;at ch.actifsource.ui.junit.SingleScopeTestCase.&lt;init&gt;(SingleScopeTestCase.java:122)&#xd;&#xa;&#x9;at ch.actifsource.ui.junit.SingleScopeTestCase.&lt;init&gt;(SingleScopeTestCase.java:113)&#xd;&#xa;&#x9;at ch.actifsource.example.unittest.model.test.model.ChildTest.&lt;init&gt;(ChildTest.java:297)&#xd;&#xa;&#x9;at sun.reflect.NativeConstructorAccessorImpl.newInstance0(Native Method)&#xd;&#xa;&#x9;at sun.reflect.NativeConstructorAccessorImpl.newInstance(NativeConstructorAccessorImpl.java:62)&#xd;&#xa;&#x9;at sun.reflect.DelegatingConstructorAccessorImpl.newInstance(DelegatingConstructorAccessorImpl.java:45)&#xd;&#xa;&#x9;at java.lang.reflect.Constructor.newInstance(Constructor.java:423)&#xd;&#xa;&#x9;at junit.framework.TestSuite.createTest(TestSuite.java:60)&#xd;&#xa;&#x9;at junit.framework.TestSuite.addTestMethod(TestSuite.java:307)&#xd;&#xa;&#x9;at junit.framework.TestSuite.addTestsFromTestCase(TestSuite.java:150)&#xd;&#xa;&#x9;at junit.framework.TestSuite.&lt;init&gt;(TestSuite.java:129)&#xd;&#xa;&#x9;at junit.framework.TestSuite.addTestSuite(TestSuite.java:216)&#xd;&#xa;&#x9;at ch.actifsource.example.unittest.model.test.model.AllTests.suite(AllTests.java:10)&#xd;&#xa;&#x9;at ch.actifsource.example.unittest.model.test.AllTests.suite(AllTests.java:11)&#xd;&#xa;&#x9;at sun.reflect.NativeMethodAccessorImpl.invoke0(Native Method)&#xd;&#xa;&#x9;at sun.reflect.NativeMethodAccessorImpl.invoke(NativeMethodAccessorImpl.java:62)&#xd;&#xa;&#x9;at sun.reflect.DelegatingMethodAccessorImpl.invoke(DelegatingMethodAccessorImpl.java:43)&#xd;&#xa;&#x9;at java.lang.reflect.Method.invoke(Method.java:498)&#xd;&#xa;&#x9;at org.apache.tools.ant.taskdefs.optional.junit.JUnitTestRunner.run(JUnitTestRunner.java:405)&#xd;&#xa;&#x9;at org.apache.tools.ant.taskdefs.optional.junit.JUnitTestRunner.launch(JUnitTestRunner.java:1182)&#xd;&#xa;&#x9;at org.apache.tools.ant.taskdefs.optional.junit.JUnitTestRunner.main(JUnitTestRunner.java:1033)&#xd;&#xa;)" type="junit.framework.AssertionFailedError">junit.framework.AssertionFailedError: Exception in constructor: test_childSizeSelectorFunction (junit.framework.AssertionFailedError: workspace root directory unknown
	at ch.actifsource.ui.junit.ActifsourceTestEnvironment.createException(ActifsourceTestEnvironment.java:61)
	at ch.actifsource.platform.AbstractPlatformSystempropertyInitializer.createProjectManager(AbstractPlatformSystempropertyInitializer.java:70)
	at ch.actifsource.platform.AbstractPlatformInitializer.&lt;init&gt;(AbstractPlatformInitializer.java:97)
	at ch.actifsource.platform.AbstractPlatformSystempropertyInitializer.&lt;init&gt;(AbstractPlatformSystempropertyInitializer.java:58)
	at ch.actifsource.ui.junit.ActifsourceTestEnvironment.&lt;init&gt;(ActifsourceTestEnvironment.java:31)
	at ch.actifsource.ui.junit.SingleScopeTestCase$1.&lt;init&gt;(SingleScopeTestCase.java:78)
	at ch.actifsource.ui.junit.SingleScopeTestCase.getOrCreateActifsourceTestEnvironment(SingleScopeTestCase.java:78)
	at ch.actifsource.ui.junit.SingleScopeTestCase.&lt;init&gt;(SingleScopeTestCase.java:122)
	at ch.actifsource.ui.junit.SingleScopeTestCase.&lt;init&gt;(SingleScopeTestCase.java:113)
	at ch.actifsource.example.unittest.model.test.model.ChildTest.&lt;init&gt;(ChildTest.java:297)
	at java.lang.reflect.Constructor.newInstance(Constructor.java:423)
	at ch.actifsource.example.unittest.model.test.model.AllTests.suite(AllTests.java:10)
	at ch.actifsource.example.unittest.model.test.AllTests.suite(AllTests.java:11)
)
</failure>
  </testcase>
  <system-out><![CDATA[Loading ActifsourceTestEnvironment...
]]></system-out>
  <system-err><![CDATA[]]></system-err>
</testsuite>
